::1 - - [09/Jul/2024:17:38:36 +0000] "POST /auth/login HTTP/1.1" 200 580 "-" "PostmanRuntime/7.40.0"
::1 - - [09/Jul/2024:17:39:14 +0000] "POST /auth/login HTTP/1.1" 200 580 "-" "PostmanRuntime/7.40.0"
::1 - - [09/Jul/2024:17:44:46 +0000] "POST /auth/login HTTP/1.1" 200 580 "-" "PostmanRuntime/7.40.0"
POST /auth/login localhost
POST /auth/login localhost -
POST /auth/login localhost [object Promise] 
POST /auth/login localhost [object Promise] 
POST /auth/login localhost [object Promise] 
POST /auth/login localhost [object Promise] 
POST /auth/login localhost [object Promise] 
POST /auth/login localhost [object Promise] 
POST /auth/login localhost [object Promise] 
POST /auth/login localhost [object Promise] 
POST /auth/login localhost [object Promise] 
POST /auth/login localhost [object Promise] 
POST Tue, 09 Jul 2024 18:11:43 GMT /auth/login localhost [object Promise] 
POST Tue, 09 Jul 2024 18:13:31 GMT /auth/login localhost [object Promise] 
POST Tue, 09 Jul 2024 18:15:18 GMT /auth/login localhost [object Promise] 
GET Sat, 16 Nov 2024 06:45:30 GMT /auth/ping localhost Guest 
GET Sat, 16 Nov 2024 06:45:30 GMT /auth/ping localhost Guest 
GET Sat, 16 Nov 2024 06:45:41 GMT /auth/ping localhost Guest 
GET Sat, 16 Nov 2024 06:45:41 GMT /auth/ping localhost Guest 
GET Sat, 16 Nov 2024 06:45:53 GMT /auth/ping localhost Guest 
GET Sat, 16 Nov 2024 06:45:53 GMT /auth/ping localhost Guest 
POST Sat, 16 Nov 2024 06:46:06 GMT /auth/login localhost Guest 
GET Sat, 16 Nov 2024 06:46:06 GMT /post/getpost/1 localhost Rutu 
GET Sat, 16 Nov 2024 06:46:06 GMT /post/getpost/1 localhost Rutu 
GET Sat, 16 Nov 2024 06:46:11 GMT /user/me localhost Rutu 
GET Sat, 16 Nov 2024 06:46:11 GMT /user/myPosts localhost Rutu 
GET Sat, 16 Nov 2024 06:46:11 GMT /user/me localhost Rutu 
GET Sat, 16 Nov 2024 06:46:11 GMT /user/myPosts localhost Rutu 
GET Sat, 16 Nov 2024 06:46:15 GMT /auth/ping localhost Rutu 
GET Sat, 16 Nov 2024 06:46:15 GMT /auth/ping localhost Rutu 
GET Sat, 16 Nov 2024 06:46:15 GMT /post/getpost/1 localhost Rutu 
GET Sat, 16 Nov 2024 06:46:15 GMT /post/getpost/1 localhost Rutu 
GET Sat, 16 Nov 2024 06:46:15 GMT /user/me localhost Rutu 
GET Sat, 16 Nov 2024 06:46:16 GMT /user/myPosts localhost Rutu 
GET Sat, 16 Nov 2024 06:46:16 GMT /user/myPosts localhost Rutu 
GET Sat, 16 Nov 2024 06:46:16 GMT /user/me localhost Rutu 
GET Sat, 16 Nov 2024 06:48:20 GMT /auth/ping localhost Rutu 
GET Sat, 16 Nov 2024 06:48:20 GMT /auth/ping localhost Rutu 
GET Sat, 16 Nov 2024 06:48:20 GMT /post/getpost/1 localhost Rutu 
GET Sat, 16 Nov 2024 06:48:20 GMT /post/getpost/1 localhost Rutu 
GET Sat, 16 Nov 2024 06:48:20 GMT /user/me localhost Rutu 
GET Sat, 16 Nov 2024 06:48:20 GMT /user/myPosts localhost Rutu 
GET Sat, 16 Nov 2024 06:48:20 GMT /user/myPosts localhost Rutu 
GET Sat, 16 Nov 2024 06:48:20 GMT /user/me localhost Rutu 
